<?xml version="1.0" encoding="UTF-8"?>
<!-- Generated by org.testng.reporters.JUnitReportReporter -->
<testsuite hostname="rmomin-PC" name="other_tests_TestNG.VerfyTitle" tests="1" failures="0" timestamp="9 Mar 2016 11:57:01 GMT" time="8.872" errors="0">
  <testcase name="f" time="8.872" classname="other_tests_TestNG.VerfyTitle"/>
</testsuite> <!-- other_tests_TestNG.VerfyTitle -->
