<?xml version="1.0" encoding="UTF-8"?>
<!-- Generated by org.testng.reporters.JUnitReportReporter -->
<testsuite hostname="rmomin-PC" name="hello.NewTest" tests="1" failures="0" timestamp="19 Jan 2016 06:29:04 GMT" time="16.315" errors="0">
  <testcase name="f" time="16.315" classname="hello.NewTest"/>
</testsuite> <!-- hello.NewTest -->
