<?xml version="1.0" encoding="UTF-8"?>
<!-- Generated by org.testng.reporters.JUnitReportReporter -->
<testsuite hostname="rmomin-PC" name="other_tests_TestNG.HandleAlert" tests="1" failures="0" timestamp="8 Mar 2016 07:15:42 GMT" time="37.315" errors="0">
  <testcase name="f" time="37.315" classname="other_tests_TestNG.HandleAlert"/>
</testsuite> <!-- other_tests_TestNG.HandleAlert -->
