<?xml version="1.0" encoding="UTF-8"?>
<!-- Generated by org.testng.reporters.JUnitReportReporter -->
<testsuite hostname="rmomin-PC" name="other_tests_TestNG.dropdown" tests="1" failures="0" timestamp="10 Mar 2016 06:56:18 GMT" time="6.298" errors="0">
  <testcase name="f" time="6.298" classname="other_tests_TestNG.dropdown"/>
</testsuite> <!-- other_tests_TestNG.dropdown -->
