<?xml version="1.0" encoding="UTF-8"?>
<!-- Generated by org.testng.reporters.JUnitReportReporter -->
<testsuite hostname="rmomin-PC" name="CaptureScreenShots.FacebookScreenshot" tests="1" failures="0" timestamp="9 Mar 2016 05:17:57 GMT" time="8.504" errors="0">
  <testcase name="f" time="8.504" classname="CaptureScreenShots.FacebookScreenshot"/>
</testsuite> <!-- CaptureScreenShots.FacebookScreenshot -->
