<?xml version="1.0" encoding="UTF-8"?>
<!-- Generated by org.testng.reporters.JUnitReportReporter -->
<testsuite hostname="rmomin-PC" name="other_tests_TestNG.calendar" tests="1" failures="0" timestamp="8 Mar 2016 12:22:23 GMT" time="26.538" errors="0">
  <testcase name="f" time="26.538" classname="other_tests_TestNG.calendar"/>
</testsuite> <!-- other_tests_TestNG.calendar -->
