<?xml version="1.0" encoding="UTF-8"?>
<!-- Generated by org.testng.reporters.JUnitReportReporter -->
<testsuite hostname="rmomin-PC" name="other_tests_TestNG.SystemDateTime" tests="1" failures="0" timestamp="9 Mar 2016 10:17:27 GMT" time="0.033" errors="0">
  <testcase name="f" time="0.033" classname="other_tests_TestNG.SystemDateTime"/>
</testsuite> <!-- other_tests_TestNG.SystemDateTime -->
