<?xml version="1.0" encoding="UTF-8"?>
<!-- Generated by org.testng.reporters.JUnitReportReporter -->
<testsuite hostname="rmomin-PC" name="other_tests_TestNG.ScrollIntoView" tests="1" failures="0" timestamp="9 Mar 2016 09:23:04 GMT" time="8.365" errors="0">
  <testcase name="f" time="8.365" classname="other_tests_TestNG.ScrollIntoView"/>
</testsuite> <!-- other_tests_TestNG.ScrollIntoView -->
