<?xml version="1.0" encoding="UTF-8"?>
<!-- Generated by org.testng.reporters.JUnitReportReporter -->
<testsuite hostname="rmomin-PC" name="other_tests_TestNG.autosuggestion" tests="1" failures="0" timestamp="29 Feb 2016 11:42:49 GMT" time="6.400" errors="0">
  <testcase name="f" time="6.400" classname="other_tests_TestNG.autosuggestion"/>
</testsuite> <!-- other_tests_TestNG.autosuggestion -->
