<?xml version="1.0" encoding="UTF-8"?>
<!-- Generated by org.testng.reporters.JUnitReportReporter -->
<testsuite hostname="rmomin-PC" name="other_tests_TestNG.Scroll" tests="1" failures="0" timestamp="9 Mar 2016 08:30:06 GMT" time="15.132" errors="0">
  <testcase name="f" time="15.132" classname="other_tests_TestNG.Scroll"/>
</testsuite> <!-- other_tests_TestNG.Scroll -->
