<?xml version="1.0" encoding="UTF-8"?>
<!-- Generated by org.testng.reporters.JUnitReportReporter -->
<testsuite hostname="rmomin-PC" name="other_tests_TestNG.UntrustedCertificates" tests="1" failures="0" timestamp="9 Mar 2016 06:53:52 GMT" time="7.770" errors="0">
  <testcase name="f" time="7.770" classname="other_tests_TestNG.UntrustedCertificates"/>
</testsuite> <!-- other_tests_TestNG.UntrustedCertificates -->
