<?xml version="1.0" encoding="UTF-8"?>
<!-- Generated by org.testng.reporters.JUnitReportReporter -->
<testsuite hostname="rmomin-PC" name="other_tests_TestNG.CaptureTooltip" tests="1" failures="0" timestamp="9 Mar 2016 06:15:58 GMT" time="6.745" errors="0">
  <testcase name="f" time="6.745" classname="other_tests_TestNG.CaptureTooltip"/>
</testsuite> <!-- other_tests_TestNG.CaptureTooltip -->
