<?xml version="1.0" encoding="UTF-8"?>
<!-- Generated by org.testng.reporters.JUnitReportReporter -->
<testsuite hostname="rmomin-PC" name="other_tests_TestNG.uploadfile_AutoIT" tests="1" failures="0" timestamp="1 Mar 2016 06:35:11 GMT" time="4.933" errors="0">
  <testcase name="f" time="4.933" classname="other_tests_TestNG.uploadfile_AutoIT"/>
</testsuite> <!-- other_tests_TestNG.uploadfile_AutoIT -->
