<?xml version="1.0" encoding="UTF-8"?>
<!-- Generated by org.testng.reporters.JUnitReportReporter -->
<testsuite hostname="rmomin-PC" name="other_tests_TestNG.DragandDrop" tests="1" failures="0" timestamp="29 Feb 2016 07:53:21 GMT" time="6.211" errors="0">
  <testcase name="f" time="6.211" classname="other_tests_TestNG.DragandDrop"/>
</testsuite> <!-- other_tests_TestNG.DragandDrop -->
