<?xml version="1.0" encoding="UTF-8"?>
<!-- Generated by org.testng.reporters.JUnitReportReporter -->
<testsuite hostname="rmomin-PC" name="other_tests_TestNG.handleMultipleWindows" tests="1" failures="0" timestamp="4 Mar 2016 08:05:09 GMT" time="17.452" errors="0">
  <testcase name="f" time="17.452" classname="other_tests_TestNG.handleMultipleWindows"/>
</testsuite> <!-- other_tests_TestNG.handleMultipleWindows -->
