<?xml version="1.0" encoding="UTF-8"?>
<!-- Generated by org.testng.reporters.JUnitReportReporter -->
<testsuite hostname="rmomin-PC" name="other_tests_TestNG.rightclick" tests="1" failures="0" timestamp="1 Mar 2016 06:27:46 GMT" time="7.775" errors="0">
  <testcase name="f" time="7.775" classname="other_tests_TestNG.rightclick"/>
</testsuite> <!-- other_tests_TestNG.rightclick -->
